{ 0
int 0
identifier (120, 0)
; 0
read 0
( 0
identifier (120, 0)
) 0
; 0
int 0
identifier (105, 0)
; 0
identifier (105, 0)
= 0
constant (50, 0)
; 0
while 0
( 0
identifier (105, 0)
< 0
identifier (120, 0)
) 0
{ 0
if 0
( 0
identifier (120, 0)
% 0
identifier (105, 0)
== 0
constant (48, 0)
) 0
{ 0
print 0
( 0
constant (946, 0)
) 0
; 0
identifier (105, 0)
= 0
identifier (120, 0)
; 0
} 0
identifier (105, 0)
= 0
identifier (105, 0)
+ 0
constant (49, 0)
; 0
if 0
( 0
identifier (105, 0)
== 0
identifier (120, 0)
) 0
{ 0
print 0
( 0
constant (577, 0)
) 0
} 0
} 0
} 0
