{ 0
int 0
identifier (97, 0)
; 0
int 0
identifier (98, 0)
; 0
int 0
identifier (99, 0)
; 0
read 0
( 0
identifier (97, 0)
) 0
; 0
read 0
( 0
identifier (98, 0)
) 0
; 0
read 0
( 0
identifier (99, 0)
) 0
; 0
if 0
( 0
identifier (97, 0)
> 0
identifier (98, 0)
) 0
{ 0
if 0
( 0
identifier (99, 0)
> 0
identifier (97, 0)
) 0
{ 0
print 0
( 0
identifier (99, 0)
) 0
; 0
} 0
else 0
{ 0
print 0
( 0
identifier (97, 0)
) 0
; 0
} 0
} 0
else 0
{ 0
if 0
( 0
identifier (99, 0)
> 0
identifier (98, 0)
) 0
{ 0
print 0
( 0
identifier (99, 0)
) 0
; 0
} 0
else 0
{ 0
print 0
( 0
identifier (98, 0)
) 0
; 0
} 0
} 0
} 0
